This is pdfTeX, Version 3.141592653-2.6-1.40.28 (TeX Live 2025) (preloaded format=pdflatex 2026.1.23)  7 FEB 2026 23:16
entering extended mode
 restricted \write18 enabled.
 %&-line parsing enabled.
**main.tex
(./main.tex
LaTeX2e <2025-11-01>
L3 programming layer <2026-01-19>
(./myreport.cls
Document Class: myreport 
A class for writing scientific reports based on Article class
Written by Beni Stocker
 
(/Users/lauramarques/Library/TinyTeX/texmf-dist/tex/latex/base/article.cls
Document Class: article 2025/01/22 v1.4n Standard LaTeX document class
(/Users/lauramarques/Library/TinyTeX/texmf-dist/tex/latex/base/size10.clo
File: size10.clo 2025/01/22 v1.4n Standard LaTeX file (size option)
)
\c@part=\count275
\c@section=\count276
\c@subsection=\count277
\c@subsubsection=\count278
\c@paragraph=\count279
\c@subparagraph=\count280
\c@figure=\count281
\c@table=\count282
\abovecaptionskip=\skip49
\belowcaptionskip=\skip50
\bibindent=\dimen148
) (/Users/lauramarques/Library/TinyTeX/texmf-dist/tex/generic/babel/babel.sty
Package: babel 2026/01/18 v26.1 The multilingual framework for LuaLaTeX, pdfLaTeX and XeLaTeX
\babel@savecnt=\count283
LaTeX Encoding Info:    Redeclaring text command \ij (encoding OT1) on input line 2078.
LaTeX Encoding Info:    Redeclaring text command \IJ (encoding OT1) on input line 2080.
LaTeX Encoding Info:    Redeclaring text command \ij (encoding T1) on input line 2082.
LaTeX Encoding Info:    Redeclaring text command \IJ (encoding T1) on input line 2083.
LaTeX Encoding Info:    Ignoring declaration for text command \ij (encoding ?) on input line 2084.
LaTeX Encoding Info:    Ignoring declaration for text command \IJ (encoding ?) on input line 2086.
LaTeX Encoding Info:    Ignoring declaration for text command \SS (encoding ?) on input line 2111.
\U@D=\dimen149
\l@unhyphenated=\language6
 (/Users/lauramarques/Library/TinyTeX/texmf-dist/tex/generic/babel/txtbabel.def)
\bbl@readstream=\read2
\bbl@dirlevel=\count284
 (/Users/lauramarques/Library/TinyTeX/texmf-dist/tex/generic/babel/locale/en/babel-english.tex)
Package babel Info: Importing font and identification data for english
(babel)             from babel-en.ini. Reported on input line 4330.
 (/Users/lauramarques/Library/TinyTeX/texmf-dist/tex/generic/babel-english/english.ldf
Language: english 2017/06/06 v3.3r English support from the babel system
Package babel Info: Hyphen rules for 'canadian' set to \l@english
(babel)             (\language0). Reported on input line 102.
Package babel Info: Hyphen rules for 'australian' set to \l@ukenglish
(babel)             (\language3). Reported on input line 105.
Package babel Info: Hyphen rules for 'newzealand' set to \l@ukenglish
(babel)             (\language3). Reported on input line 108.
)) (/Users/lauramarques/Library/TinyTeX/texmf-dist/tex/latex/tools/enumerate.sty
Package: enumerate 2023/07/04 v3.00 enumerate extensions (DPC)
\@enLab=\toks17
) (/Users/lauramarques/Library/TinyTeX/texmf-dist/tex/latex/a4wide/a4wide.sty
Package: a4wide 1994/08/30
 (/Users/lauramarques/Library/TinyTeX/texmf-dist/tex/latex/ntgclass/a4.sty
Package: a4 2025/12/29 v1.2g A4 based page layout
)) (/Users/lauramarques/Library/TinyTeX/texmf-dist/tex/latex/amsmath/amsmath.sty
Package: amsmath 2025/07/09 v2.17z AMS math features
\@mathmargin=\skip51

For additional information on amsmath, use the `?' option.
(/Users/lauramarques/Library/TinyTeX/texmf-dist/tex/latex/amsmath/amstext.sty
Package: amstext 2024/11/17 v2.01 AMS text
 (/Users/lauramarques/Library/TinyTeX/texmf-dist/tex/latex/amsmath/amsgen.sty
File: amsgen.sty 1999/11/30 v2.0 generic functions
\@emptytoks=\toks18
\ex@=\dimen150
)) (/Users/lauramarques/Library/TinyTeX/texmf-dist/tex/latex/amsmath/amsbsy.sty
Package: amsbsy 1999/11/29 v1.2d Bold Symbols
\pmbraise@=\dimen151
) (/Users/lauramarques/Library/TinyTeX/texmf-dist/tex/latex/amsmath/amsopn.sty
Package: amsopn 2022/04/08 v2.04 operator names
)
\inf@bad=\count285
LaTeX Info: Redefining \frac on input line 233.
\uproot@=\count286
\leftroot@=\count287
LaTeX Info: Redefining \overline on input line 398.
LaTeX Info: Redefining \colon on input line 409.
\classnum@=\count288
\DOTSCASE@=\count289
LaTeX Info: Redefining \ldots on input line 495.
LaTeX Info: Redefining \dots on input line 498.
LaTeX Info: Redefining \cdots on input line 619.
\Mathstrutbox@=\box53
\strutbox@=\box54
LaTeX Info: Redefining \big on input line 721.
LaTeX Info: Redefining \Big on input line 722.
LaTeX Info: Redefining \bigg on input line 723.
LaTeX Info: Redefining \Bigg on input line 724.
\big@size=\dimen152
LaTeX Font Info:    Redeclaring font encoding OML on input line 742.
LaTeX Font Info:    Redeclaring font encoding OMS on input line 743.
\macc@depth=\count290
LaTeX Info: Redefining \bmod on input line 904.
LaTeX Info: Redefining \pmod on input line 909.
LaTeX Info: Redefining \smash on input line 939.
LaTeX Info: Redefining \relbar on input line 969.
LaTeX Info: Redefining \Relbar on input line 970.
\c@MaxMatrixCols=\count291
\dotsspace@=\muskip17
\c@parentequation=\count292
\dspbrk@lvl=\count293
\tag@help=\toks19
\row@=\count294
\column@=\count295
\maxfields@=\count296
\andhelp@=\toks20
\eqnshift@=\dimen153
\alignsep@=\dimen154
\tagshift@=\dimen155
\tagwidth@=\dimen156
\totwidth@=\dimen157
\lineht@=\dimen158
\@envbody=\toks21
\multlinegap=\skip52
\multlinetaggap=\skip53
\mathdisplay@stack=\toks22
LaTeX Info: Redefining \[ on input line 2950.
LaTeX Info: Redefining \] on input line 2951.
) (/Users/lauramarques/Library/TinyTeX/texmf-dist/tex/latex/amsfonts/amssymb.sty
Package: amssymb 2013/01/14 v3.01 AMS font symbols
 (/Users/lauramarques/Library/TinyTeX/texmf-dist/tex/latex/amsfonts/amsfonts.sty
Package: amsfonts 2013/01/14 v3.01 Basic AMSFonts support
\symAMSa=\mathgroup4
\symAMSb=\mathgroup5
LaTeX Font Info:    Redeclaring math symbol \hbar on input line 98.
LaTeX Font Info:    Overwriting math alphabet `\mathfrak' in version `bold'
(Font)                  U/euf/m/n --> U/euf/b/n on input line 106.
)) (/Users/lauramarques/Library/TinyTeX/texmf-dist/tex/latex/tools/tabularx.sty
Package: tabularx 2023/12/11 v2.12a `tabularx' package (DPC)
 (/Users/lauramarques/Library/TinyTeX/texmf-dist/tex/latex/tools/array.sty
Package: array 2025/09/25 v2.6n Tabular extension package (FMi)
\col@sep=\dimen159
\ar@mcellbox=\box55
\extrarowheight=\dimen160
\NC@list=\toks23
\extratabsurround=\skip54
\backup@length=\skip55
\ar@cellbox=\box56
)
\TX@col@width=\dimen161
\TX@old@table=\dimen162
\TX@old@col=\dimen163
\TX@target=\dimen164
\TX@delta=\dimen165
\TX@cols=\count297
\TX@ftn=\toks24
) (/Users/lauramarques/Library/TinyTeX/texmf-dist/tex/latex/hyperref/hyperref.sty
Package: hyperref 2025-07-12 v7.01o Hypertext links for LaTeX
 (/Users/lauramarques/Library/TinyTeX/texmf-dist/tex/generic/iftex/iftex.sty
Package: iftex 2024/12/12 v1.0g TeX engine tests
) (/Users/lauramarques/Library/TinyTeX/texmf-dist/tex/latex/graphics/keyval.sty
Package: keyval 2022/05/29 v1.15 key=value parser (DPC)
\KV@toks@=\toks25
) (/Users/lauramarques/Library/TinyTeX/texmf-dist/tex/latex/kvsetkeys/kvsetkeys.sty
Package: kvsetkeys 2022-10-05 v1.19 Key value parser (HO)
) (/Users/lauramarques/Library/TinyTeX/texmf-dist/tex/generic/kvdefinekeys/kvdefinekeys.sty
Package: kvdefinekeys 2019-12-19 v1.6 Define keys (HO)
) (/Users/lauramarques/Library/TinyTeX/texmf-dist/tex/generic/pdfescape/pdfescape.sty
Package: pdfescape 2019/12/09 v1.15 Implements pdfTeX's escape features (HO)
 (/Users/lauramarques/Library/TinyTeX/texmf-dist/tex/generic/ltxcmds/ltxcmds.sty
Package: ltxcmds 2023-12-04 v1.26 LaTeX kernel commands for general use (HO)
) (/Users/lauramarques/Library/TinyTeX/texmf-dist/tex/generic/pdftexcmds/pdftexcmds.sty
Package: pdftexcmds 2020-06-27 v0.33 Utility functions of pdfTeX for LuaTeX (HO)
 (/Users/lauramarques/Library/TinyTeX/texmf-dist/tex/generic/infwarerr/infwarerr.sty
Package: infwarerr 2019/12/03 v1.5 Providing info/warning/error messages (HO)
)
Package pdftexcmds Info: \pdf@primitive is available.
Package pdftexcmds Info: \pdf@ifprimitive is available.
Package pdftexcmds Info: \pdfdraftmode found.
)) (/Users/lauramarques/Library/TinyTeX/texmf-dist/tex/latex/hycolor/hycolor.sty
Package: hycolor 2020-01-27 v1.10 Color options for hyperref/bookmark (HO)
) (/Users/lauramarques/Library/TinyTeX/texmf-dist/tex/latex/hyperref/nameref.sty
Package: nameref 2025-06-21 v2.57 Cross-referencing by name of section
 (/Users/lauramarques/Library/TinyTeX/texmf-dist/tex/latex/refcount/refcount.sty
Package: refcount 2019/12/15 v3.6 Data extraction from label references (HO)
) (/Users/lauramarques/Library/TinyTeX/texmf-dist/tex/generic/gettitlestring/gettitlestring.sty
Package: gettitlestring 2019/12/15 v1.6 Cleanup title references (HO)
 (/Users/lauramarques/Library/TinyTeX/texmf-dist/tex/latex/kvoptions/kvoptions.sty
Package: kvoptions 2022-06-15 v3.15 Key value format for package options (HO)
))
\c@section@level=\count298
) (/Users/lauramarques/Library/TinyTeX/texmf-dist/tex/latex/etoolbox/etoolbox.sty
Package: etoolbox 2025/10/02 v2.5m e-TeX tools for LaTeX (JAW)
\etb@tempcnta=\count299
) (/Users/lauramarques/Library/TinyTeX/texmf-dist/tex/generic/stringenc/stringenc.sty
Package: stringenc 2019/11/29 v1.12 Convert strings between diff. encodings (HO)
)
\@linkdim=\dimen166
\Hy@linkcounter=\count300
\Hy@pagecounter=\count301
 (/Users/lauramarques/Library/TinyTeX/texmf-dist/tex/latex/hyperref/pd1enc.def
File: pd1enc.def 2025-07-12 v7.01o Hyperref: PDFDocEncoding definition (HO)
Now handling font encoding PD1 ...
... no UTF-8 mapping file for font encoding PD1
) (/Users/lauramarques/Library/TinyTeX/texmf-dist/tex/generic/intcalc/intcalc.sty
Package: intcalc 2019/12/15 v1.3 Expandable calculations with integers (HO)
)
\Hy@SavedSpaceFactor=\count302
 (/Users/lauramarques/Library/TinyTeX/texmf-dist/tex/latex/hyperref/puenc.def
File: puenc.def 2025-07-12 v7.01o Hyperref: PDF Unicode definition (HO)
Now handling font encoding PU ...
... no UTF-8 mapping file for font encoding PU
)
Package hyperref Info: Option `colorlinks' set `false' on input line 4066.
Package hyperref Info: Hyper figures OFF on input line 4195.
Package hyperref Info: Link nesting OFF on input line 4200.
Package hyperref Info: Hyper index ON on input line 4203.
Package hyperref Info: Plain pages OFF on input line 4210.
Package hyperref Info: Backreferencing OFF on input line 4215.
Package hyperref Info: Implicit mode ON; LaTeX internals redefined.
Package hyperref Info: Bookmarks ON on input line 4462.
\c@Hy@tempcnt=\count303
 (/Users/lauramarques/Library/TinyTeX/texmf-dist/tex/latex/url/url.sty
\Urlmuskip=\muskip18
Package: url 2013/09/16  ver 3.4  Verb mode for urls, etc.
)
LaTeX Info: Redefining \url on input line 4801.
\XeTeXLinkMargin=\dimen167
 (/Users/lauramarques/Library/TinyTeX/texmf-dist/tex/generic/bitset/bitset.sty
Package: bitset 2019/12/09 v1.3 Handle bit-vector datatype (HO)
 (/Users/lauramarques/Library/TinyTeX/texmf-dist/tex/generic/bigintcalc/bigintcalc.sty
Package: bigintcalc 2019/12/15 v1.5 Expandable calculations on big integers (HO)
))
\Fld@menulength=\count304
\Field@Width=\dimen168
\Fld@charsize=\dimen169
Package hyperref Info: Hyper figures OFF on input line 6078.
Package hyperref Info: Link nesting OFF on input line 6083.
Package hyperref Info: Hyper index ON on input line 6086.
Package hyperref Info: backreferencing OFF on input line 6093.
Package hyperref Info: Link coloring OFF on input line 6098.
Package hyperref Info: Link coloring with OCG OFF on input line 6103.
Package hyperref Info: PDF/A mode OFF on input line 6108.
\Hy@abspage=\count305
\c@Item=\count306
\c@Hfootnote=\count307
)
Package hyperref Info: Driver (autodetected): hpdftex.
 (/Users/lauramarques/Library/TinyTeX/texmf-dist/tex/latex/hyperref/hpdftex.def
File: hpdftex.def 2025-07-12 v7.01o Hyperref driver for pdfTeX
\Fld@listcount=\count308
\c@bookmark@seq@number=\count309
 (/Users/lauramarques/Library/TinyTeX/texmf-dist/tex/latex/rerunfilecheck/rerunfilecheck.sty
Package: rerunfilecheck 2025-06-21 v1.11 Rerun checks for auxiliary files (HO)
 (/Users/lauramarques/Library/TinyTeX/texmf-dist/tex/generic/uniquecounter/uniquecounter.sty
Package: uniquecounter 2019/12/15 v1.4 Provide unlimited unique counter (HO)
)
Package uniquecounter Info: New unique counter `rerunfilecheck' on input line 284.
)
\Hy@SectionHShift=\skip56
) (/Users/lauramarques/Library/TinyTeX/texmf-dist/tex/latex/pdflscape/pdflscape.sty
Package: pdflscape 2025-06-23 v0.14 Display of landscape pages in PDF
 (/Users/lauramarques/Library/TinyTeX/texmf-dist/tex/latex/pdflscape/pdflscape-nometadata.sty
Package: pdflscape-nometadata 2025-06-23 v0.14 Display of landscape pages in PDF (HO)
 (/Users/lauramarques/Library/TinyTeX/texmf-dist/tex/latex/graphics/lscape.sty
Package: lscape 2020/05/28 v3.02 Landscape Pages (DPC)
 (/Users/lauramarques/Library/TinyTeX/texmf-dist/tex/latex/graphics/graphics.sty
Package: graphics 2024/08/06 v1.4g Standard LaTeX Graphics (DPC,SPQR)
 (/Users/lauramarques/Library/TinyTeX/texmf-dist/tex/latex/graphics/trig.sty
Package: trig 2023/12/02 v1.11 sin cos tan (DPC)
) (/Users/lauramarques/Library/TinyTeX/texmf-dist/tex/latex/graphics-cfg/graphics.cfg
File: graphics.cfg 2016/06/04 v1.11 sample graphics configuration
)
Package graphics Info: Driver file: pdftex.def on input line 106.
 (/Users/lauramarques/Library/TinyTeX/texmf-dist/tex/latex/graphics-def/pdftex.def
File: pdftex.def 2025/09/29 v1.2d Graphics/color driver for pdftex
)))
Package pdflscape Info: Auto-detected driver: pdftex on input line 81.
)) (/Users/lauramarques/Library/TinyTeX/texmf-dist/tex/latex/caption/caption.sty
Package: caption 2023/08/05 v3.6o Customizing captions (AR)
 (/Users/lauramarques/Library/TinyTeX/texmf-dist/tex/latex/caption/caption3.sty
Package: caption3 2023/07/31 v2.4d caption3 kernel (AR)
\caption@tempdima=\dimen170
\captionmargin=\dimen171
\caption@leftmargin=\dimen172
\caption@rightmargin=\dimen173
\caption@width=\dimen174
\caption@indent=\dimen175
\caption@parindent=\dimen176
\caption@hangindent=\dimen177
Package caption Info: Standard document class detected.
)
\c@caption@flags=\count310
\c@continuedfloat=\count311
Package caption Info: hyperref package is loaded.
) (/Users/lauramarques/Library/TinyTeX/texmf-dist/tex/latex/graphics/graphicx.sty
Package: graphicx 2024/12/31 v1.2e Enhanced LaTeX Graphics (DPC,SPQR)
\Gin@req@height=\dimen178
\Gin@req@width=\dimen179
) (/Users/lauramarques/Library/TinyTeX/texmf-dist/tex/latex/geometry/geometry.sty
Package: geometry 2020/01/02 v5.9 Page Geometry
 (/Users/lauramarques/Library/TinyTeX/texmf-dist/tex/generic/iftex/ifvtex.sty
Package: ifvtex 2019/10/25 v1.7 ifvtex legacy package. Use iftex instead.
)
\Gm@cnth=\count312
\Gm@cntv=\count313
\c@Gm@tempcnt=\count314
\Gm@bindingoffset=\dimen180
\Gm@wd@mp=\dimen181
\Gm@odd@mp=\dimen182
\Gm@even@mp=\dimen183
\Gm@layoutwidth=\dimen184
\Gm@layoutheight=\dimen185
\Gm@layouthoffset=\dimen186
\Gm@layoutvoffset=\dimen187
\Gm@dimlist=\toks26
) (/Users/lauramarques/Library/TinyTeX/texmf-dist/tex/latex/tabularray/tabularray.sty
Package: tabularray 2025-11-27 v2025C Typeset tabulars and arrays with LaTeX3
\g__tblr_nohyper_int=\count315
\l__tblr_a_int=\count316
\l__tblr_c_int=\count317
\l__tblr_r_int=\count318
\l__tblr_d_dim=\dimen188
\l__tblr_h_dim=\dimen189
\l__tblr_o_dim=\dimen190
\l__tblr_p_dim=\dimen191
\l__tblr_q_dim=\dimen192
\l__tblr_r_dim=\dimen193
\l__tblr_s_dim=\dimen194
\l__tblr_t_dim=\dimen195
\l__tblr_v_dim=\dimen196
\l__tblr_w_dim=\dimen197
\l__tblr_a_box=\box57
\l__tblr_b_box=\box58
\l__tblr_c_box=\box59
\l__tblr_d_box=\box60
\c@tblrcount=\count319
\c@rownum=\count320
\c@colnum=\count321
\c@rowcount=\count322
\c@colcount=\count323
\abovesep=\dimen198
\belowsep=\dimen199
\leftsep=\dimen256
\rightsep=\dimen257
\gTblrLevelInt=\count324
\g__tblr_data_row_key_count_int=\count325
\g__tblr_data_column_key_count_int=\count326
\g__tblr_data_cell_key_count_int=\count327
\g__tblr_array_int=\count328
\l__tblr_key_count_int=\count329
\l__tblr_key_quotient_int=\count330
\l__tblr_key_quotient_two_int=\count331
\l__tblr_key_remainder_int=\count332
\g__tblr_data_str_value_count_int=\count333
\lTblrChildTotalInt=\count334
\lTblrChildHtotalInt=\count335
\lTblrChildVtotalInt=\count336
\l__child_diff_h_int=\count337
\l__child_diff_v_int=\count338
\l__child_sign_h_int=\count339
\l__child_sign_v_int=\count340
\l__child_step_int=\count341
\lTblrDefaultHruleWidthDim=\dimen258
\lTblrDefaultVruleWidthDim=\dimen259
\l__tblr_split_balance_int=\count342
\l__tblr_strut_dp_dim=\dimen260
\l__tblr_strut_ht_dim=\dimen261
\g__tblr_cell_wd_dim=\dimen262
\g__tblr_cell_ht_dim=\dimen263
\g__tblr_cell_head_dim=\dimen264
\g__tblr_cell_foot_dim=\dimen265
\l__tblr_measured_cell_box=\box61
\g__tblr_last_box=\box62
\l__tblr_temp_box=\box63
\l__tblr_column_target_dim=\dimen266
\l__tblr_hfuzz_dim=\dimen267
\l__tblr_caption_box=\box64
\l__tblr_caption_left_box=\box65
\lTblrRowHeadInt=\count343
\lTblrRowFootInt=\count344
\l__tblr_row_head_box=\box66
\l__tblr_row_foot_box=\box67
\l__tblr_row_head_foot_dim=\dimen268
\lTblrTableWidthDim=\dimen269
\l__tblr_table_firsthead_box=\box68
\l__tblr_table_middlehead_box=\box69
\l__tblr_table_lasthead_box=\box70
\l__tblr_table_firstfoot_box=\box71
\l__tblr_table_middlefoot_box=\box72
\l__tblr_table_lastfoot_box=\box73
\l__tblr_remain_height_dim=\dimen270
\l__tblr_next_rows_dim=\dimen271
\l__tblr_page_overfill_dim=\dimen272
\l__tblr_long_from_int=\count345
\l__tblr_long_to_int=\count346
\l__tblr_curr_i_int=\count347
\l__tblr_prev_i_int=\count348
\lTblrTablePageInt=\count349
\l__tblr_table_head_box=\box74
\l__tblr_table_foot_box=\box75
\l__tblr_table_head_foot_dim=\dimen273
\l__tblr_table_head_body_foot_dim=\dimen274
\l__tblr_table_box=\box76
\lTblrRowFirstInt=\count350
\lTblrRowLastInt=\count351
\l__tblr_cover_box_a_dim=\dimen275
\l__tblr_cover_box_b_dim=\dimen276
\l__tblr_table_hlines_box=\box77
\l__tblr_hline_box=\box78
\l__tblr_row_box=\box79
\l__tblr_col_o_wd_dim=\dimen277
\l__tblr_col_b_wd_dim=\dimen278
\l__tblr_hline_leftskip_dim=\dimen279
\l__tblr_hline_rightskip_dim=\dimen280
\l__tblr_row_ht_dim=\dimen281
\l__tblr_row_dp_dim=\dimen282
\l__tblr_row_abovesep_dim=\dimen283
\l__tblr_row_belowsep_dim=\dimen284
\l__tblr_row_vlines_box=\box80
\l__tblr_vline_box=\box81
\l__tblr_cell_box=\box82
\l__tblr_row_upper_dim=\dimen285
\l__tblr_row_lower_dim=\dimen286
\l__tblr_row_vpace_dim=\dimen287
\l__tblr_vline_aboveskip_dim=\dimen288
\l__tblr_vline_belowskip_dim=\dimen289
\lTblrCellRowSpanInt=\count352
\lTblrCellColSpanInt=\count353
\l__tblr_cell_wd_dim=\dimen290
\l__tblr_cell_ht_dim=\dimen291
\lTblrCellAboveBorderWidthDim=\dimen292
\lTblrCellBelowBorderWidthDim=\dimen293
\lTblrCellLeftBorderWidthDim=\dimen294
\lTblrCellRightBorderWidthDim=\dimen295
\l__tblr_diag_box=\box83
\l__tblr_cell_inner_wd_dim=\dimen296
\l__tblr_cell_inner_dp_dim=\dimen297
\l__tblr_cell_hanchor_dim=\dimen298
\l__tblr_last_cell_table_ht_dim=\dimen299
\l__tblr_last_cell_table_dp_dim=\dimen300
\l__tblr_last_vline_wd_dim=\dimen301
\l__tblr_tikz_node_box=\box84
) (/Users/lauramarques/Library/TinyTeX/texmf-dist/tex/latex/float/float.sty
Package: float 2001/11/08 v1.3d Float enhancements (AL)
\c@float@type=\count354
\float@exts=\toks27
\float@box=\box85
\@float@everytoks=\toks28
\@floatcapt=\box86
) (./codehigh.sty
Package: codehigh 
 (/Users/lauramarques/Library/TinyTeX/texmf-dist/tex/latex/listings/listings.sty
\lst@mode=\count355
\lst@gtempboxa=\box87
\lst@token=\toks29
\lst@length=\count356
\lst@currlwidth=\dimen302
\lst@column=\count357
\lst@pos=\count358
\lst@lostspace=\dimen303
\lst@width=\dimen304
\lst@newlines=\count359
\lst@lineno=\count360
\lst@maxwidth=\dimen305
 (/Users/lauramarques/Library/TinyTeX/texmf-dist/tex/latex/listings/lstpatch.sty
File: lstpatch.sty 2025/11/14 1.11b (Carsten Heinz)
) (/Users/lauramarques/Library/TinyTeX/texmf-dist/tex/latex/listings/lstmisc.sty
File: lstmisc.sty 2025/11/14 1.11b (Carsten Heinz)
\c@lstnumber=\count361
\lst@skipnumbers=\count362
\lst@framebox=\box88
) (/Users/lauramarques/Library/TinyTeX/texmf-dist/tex/latex/listings/listings.cfg
File: listings.cfg 2025/11/14 1.11b listings configuration
))
Package: listings 2025/11/14 1.11b (Carsten Heinz)

==> First Aid for listings.sty no longer applied!
    Expected:
        2024/09/23 1.10c (Carsten Heinz)
    but found:
        2025/11/14 1.11b (Carsten Heinz)
    so I'm assuming it got fixed.
) (/Users/lauramarques/Library/TinyTeX/texmf-dist/tex/generic/ulem/ulem.sty
\UL@box=\box89
\UL@hyphenbox=\box90
\UL@skip=\skip57
\UL@hook=\toks30
\UL@height=\dimen306
\UL@pe=\count363
\UL@pixel=\dimen307
\ULC@box=\box91
Package: ulem 2019/11/18
\ULdepth=\dimen308
) (/Users/lauramarques/Library/TinyTeX/texmf-dist/tex/latex/booktabs/booktabs.sty
Package: booktabs 2020/01/12 v1.61803398 Publication quality tables
\heavyrulewidth=\dimen309
\lightrulewidth=\dimen310
\cmidrulewidth=\dimen311
\belowrulesep=\dimen312
\belowbottomsep=\dimen313
\aboverulesep=\dimen314
\abovetopsep=\dimen315
\cmidrulesep=\dimen316
\cmidrulekern=\dimen317
\defaultaddspace=\dimen318
\@cmidla=\count364
\@cmidlb=\count365
\@aboverulesep=\dimen319
\@belowrulesep=\dimen320
\@thisruleclass=\count366
\@lastruleclass=\count367
\@thisrulewidth=\dimen321
) (/Users/lauramarques/Library/TinyTeX/texmf-dist/tex/latex/siunitx/siunitx.sty
Package: siunitx 2025-07-09 v3.4.14 A comprehensive (SI) units package
\l__siunitx_number_uncert_offset_int=\count368
\l__siunitx_number_exponent_fixed_int=\count369
\l__siunitx_number_min_decimal_int=\count370
\l__siunitx_number_min_integer_int=\count371
\l__siunitx_number_round_precision_int=\count372
\l__siunitx_number_lower_threshold_int=\count373
\l__siunitx_number_upper_threshold_int=\count374
\l__siunitx_number_group_first_int=\count375
\l__siunitx_number_group_size_int=\count376
\l__siunitx_number_group_minimum_int=\count377
\l__siunitx_angle_tmp_dim=\dimen322
\l__siunitx_angle_marker_box=\box92
\l__siunitx_angle_unit_box=\box93
\l__siunitx_compound_count_int=\count378
\l__siunitx_table_tmp_box=\box94
\l__siunitx_table_tmp_dim=\dimen323
\l__siunitx_table_column_width_dim=\dimen324
\l__siunitx_table_integer_box=\box95
\l__siunitx_table_decimal_box=\box96
\l__siunitx_table_uncert_box=\box97
\l__siunitx_table_before_box=\box98
\l__siunitx_table_after_box=\box99
\l__siunitx_table_before_dim=\dimen325
\l__siunitx_table_carry_dim=\dimen326
\l__siunitx_unit_tmp_int=\count379
\l__siunitx_unit_position_int=\count380
\l__siunitx_unit_total_int=\count381
) (/Users/lauramarques/Library/TinyTeX/texmf-dist/tex/latex/titlesec/titlesec.sty
Package: titlesec 2025/01/04 v2.17 Sectioning titles
\ttl@box=\box100
\beforetitleunit=\skip58
\aftertitleunit=\skip59
\ttl@plus=\dimen327
\ttl@minus=\dimen328
\ttl@toksa=\toks31
\titlewidth=\dimen329
\titlewidthlast=\dimen330
\titlewidthfirst=\dimen331
) (/Users/lauramarques/Library/TinyTeX/texmf-dist/tex/latex/psnfss/helvet.sty
Package: helvet 2020/03/25 PSNFSS-v9.3 (WaS) 
) (/Users/lauramarques/Library/TinyTeX/texmf-dist/tex/latex/natbib/natbib.sty
Package: natbib 2010/09/13 8.31b (PWD, AO)
\bibhang=\skip60
\bibsep=\skip61
LaTeX Info: Redefining \cite on input line 694.
\c@NAT@ctr=\count382
) (/Users/lauramarques/Library/TinyTeX/texmf-dist/tex/latex/footmisc/footmisc.sty
Package: footmisc 2025/05/09 v7.0b a miscellany of footnote facilities
\FN@temptoken=\toks32
\footnotemargin=\dimen332
Package footmisc Info: Declaring symbol style bringhurst on input line 549.
Package footmisc Info: Declaring symbol style chicago on input line 557.
Package footmisc Info: Declaring symbol style wiley on input line 566.
Package footmisc Info: Declaring symbol style lamport-robust on input line 577.
Package footmisc Info: Declaring symbol style lamport* on input line 597.
Package footmisc Info: Declaring symbol style lamport*-robust on input line 618.
) (/Users/lauramarques/Library/TinyTeX/texmf-dist/tex/latex/tools/verbatim.sty
Package: verbatim 2024-01-22 v1.5x LaTeX2e package for verbatim enhancements
\every@verbatim=\toks33
\verbatim@line=\toks34
\verbatim@in@stream=\read3
) (/Users/lauramarques/Library/TinyTeX/texmf-dist/tex/latex/moreverb/moreverb.sty
Package: moreverb 2008/06/03 v2.3a `more' verbatim facilities
\tab@position=\count383
\tab@size=\count384
\listing@line=\count385
)) (/Users/lauramarques/Library/TinyTeX/texmf-dist/tex/latex/tools/longtable.sty
Package: longtable 2025-10-13 v4.24 Multi-page Table package (DPC)
\LTleft=\skip62
\LTright=\skip63
\LTpre=\skip64
\LTpost=\skip65
\LTchunksize=\count386
\LTcapwidth=\dimen333
\LT@head=\box101
\LT@firsthead=\box102
\LT@foot=\box103
\LT@lastfoot=\box104
\LT@gbox=\box105
\LT@cols=\count387
\LT@rows=\count388
\c@LT@tables=\count389
\c@LT@chunks=\count390
\LT@p@ftn=\toks35
) (/Users/lauramarques/Library/TinyTeX/texmf-dist/tex/latex/placeins/placeins.sty
Package: placeins 2005/04/18  v 2.2
) (/Users/lauramarques/Library/TinyTeX/texmf-dist/tex/latex/fancyhdr/fancyhdr.sty
Package: fancyhdr 2025/02/07 v5.2 Extensive control of page headers and footers
\f@nch@headwidth=\skip66
\f@nch@offset@elh=\skip67
\f@nch@offset@erh=\skip68
\f@nch@offset@olh=\skip69
\f@nch@offset@orh=\skip70
\f@nch@offset@elf=\skip71
\f@nch@offset@erf=\skip72
\f@nch@offset@olf=\skip73
\f@nch@offset@orf=\skip74
\f@nch@height=\skip75
\f@nch@footalignment=\skip76
\f@nch@widthL=\skip77
\f@nch@widthC=\skip78
\f@nch@widthR=\skip79
\@temptokenb=\toks36
) (/Users/lauramarques/Library/TinyTeX/texmf-dist/tex/latex/graphics/color.sty
Package: color 2025/01/14 v1.3e Standard LaTeX Color (DPC)
 (/Users/lauramarques/Library/TinyTeX/texmf-dist/tex/latex/graphics-cfg/color.cfg
File: color.cfg 2016/01/02 v1.6 sample color configuration
)
Package color Info: Driver file: pdftex.def on input line 149.
 (/Users/lauramarques/Library/TinyTeX/texmf-dist/tex/latex/graphics/mathcolor.ltx)) (/Users/lauramarques/Library/TinyTeX/texmf-dist/tex/latex/l3backend/l3backend-pdftex.def
File: l3backend-pdftex.def 2025-10-09 L3 backend support: PDF output (pdfTeX)
\l__color_backend_stack_int=\count391
) (./main.aux)
\openout1 = `main.aux'.

LaTeX Font Info:    Checking defaults for OML/cmm/m/it on input line 57.
LaTeX Font Info:    ... okay on input line 57.
LaTeX Font Info:    Checking defaults for OMS/cmsy/m/n on input line 57.
LaTeX Font Info:    ... okay on input line 57.
LaTeX Font Info:    Checking defaults for OT1/cmr/m/n on input line 57.
LaTeX Font Info:    ... okay on input line 57.
LaTeX Font Info:    Checking defaults for T1/cmr/m/n on input line 57.
LaTeX Font Info:    ... okay on input line 57.
LaTeX Font Info:    Checking defaults for TS1/cmr/m/n on input line 57.
LaTeX Font Info:    ... okay on input line 57.
LaTeX Font Info:    Checking defaults for OMX/cmex/m/n on input line 57.
LaTeX Font Info:    ... okay on input line 57.
LaTeX Font Info:    Checking defaults for U/cmr/m/n on input line 57.
LaTeX Font Info:    ... okay on input line 57.
LaTeX Font Info:    Checking defaults for PD1/pdf/m/n on input line 57.
LaTeX Font Info:    ... okay on input line 57.
LaTeX Font Info:    Checking defaults for PU/pdf/m/n on input line 57.
LaTeX Font Info:    ... okay on input line 57.
Package hyperref Info: Link coloring OFF on input line 57.
 (./main.out) (./main.out)
\@outlinefile=\write3
\openout3 = `main.out'.

 (/Users/lauramarques/Library/TinyTeX/texmf-dist/tex/latex/epstopdf-pkg/epstopdf-base.sty
Package: epstopdf-base 2020-01-24 v2.11 Base part for package epstopdf
Package epstopdf-base Info: Redefining graphics rule for `.eps' on input line 485.
 (/Users/lauramarques/Library/TinyTeX/texmf-dist/tex/latex/latexconfig/epstopdf-sys.cfg
File: epstopdf-sys.cfg 2010/07/13 v1.3 Configuration of (r)epstopdf for TeX Live
))
Package caption Info: Begin \AtBeginDocument code.
Package caption Info: float package is loaded.
Package caption Info: listings package is loaded.
Package caption Info: longtable package is loaded.
 (/Users/lauramarques/Library/TinyTeX/texmf-dist/tex/latex/caption/ltcaption.sty
Package: ltcaption 2021/01/08 v1.4c longtable captions (AR)
)
Package caption Info: End \AtBeginDocument code.

*geometry* driver: auto-detecting
*geometry* detected driver: pdftex
*geometry* verbose mode - [ preamble ] result:
* driver: pdftex
* paper: <default>
* layout: <same size as paper>
* layoutoffset:(h,v)=(0.0pt,0.0pt)
* modes: 
* h-part:(L,W,R)=(85.35826pt, 369.88583pt, 142.26378pt)
* v-part:(T,H,B)=(101.40665pt, 591.5302pt, 152.11pt)
* \paperwidth=597.50787pt
* \paperheight=845.04684pt
* \textwidth=369.88583pt
* \textheight=591.5302pt
* \oddsidemargin=13.08827pt
* \evensidemargin=13.08827pt
* \topmargin=-7.86334pt
* \headheight=12.0pt
* \headsep=25.0pt
* \topskip=10.0pt
* \footskip=30.0pt
* \marginparwidth=54.2025pt
* \marginparsep=11.0pt
* \columnsep=10.0pt
* \skip\footins=9.0pt plus 4.0pt minus 2.0pt
* \hoffset=0.0pt
* \voffset=0.0pt
* \mag=1000
* \@twocolumnfalse
* \@twosidefalse
* \@mparswitchfalse
* \@reversemarginfalse
* (1in=72.27pt=25.4mm, 1cm=28.453pt)

\c@lstlisting=\count392
LaTeX Font Info:    Trying to load font information for OT1+phv on input line 66.
(/Users/lauramarques/Library/TinyTeX/texmf-dist/tex/latex/psnfss/ot1phv.fd
File: ot1phv.fd 2020/03/25 scalable font definitions for OT1/phv.
)
Underfull \hbox (badness 10000) in paragraph at lines 66--66

 []

LaTeX Font Info:    Trying to load font information for U+msa on input line 66.
(/Users/lauramarques/Library/TinyTeX/texmf-dist/tex/latex/amsfonts/umsa.fd
File: umsa.fd 2013/01/14 v3.01 AMS symbols A
)
LaTeX Font Info:    Trying to load font information for U+msb on input line 66.
 (/Users/lauramarques/Library/TinyTeX/texmf-dist/tex/latex/amsfonts/umsb.fd
File: umsb.fd 2013/01/14 v3.01 AMS symbols B
) (./main.toc)
\tf@toc=\write4
\openout4 = `main.toc'.

 [1

{/Users/lauramarques/Library/TinyTeX/texmf-var/fonts/map/pdftex/updmap/pdftex.map}{/Users/lauramarques/Library/TinyTeX/texmf-dist/fonts/enc/dvips/base/8r.enc}]

Package hyperref Warning: Token not allowed in a PDF string (Unicode):
(hyperref)                \hskip 10.00002pt
(hyperref)                replaced by space on input line 71.


Underfull \hbox (badness 7203) in paragraph at lines 119--119
[]|\OT1/phv/m/n/8 No man-age-ment in-ter-ven-tion
 []


Underfull \hbox (badness 5490) in paragraph at lines 119--120
[]|\OT1/phv/m/n/8 Restricted data (not pub-licly
 []


Underfull \hbox (badness 7203) in paragraph at lines 120--120
[]|\OT1/phv/m/n/8 No man-age-ment in-ter-ven-tion
 []


Underfull \hbox (badness 5490) in paragraph at lines 120--121
[]|\OT1/phv/m/n/8 Restricted data (not pub-licly
 []


Underfull \hbox (badness 7203) in paragraph at lines 121--121
[]|\OT1/phv/m/n/8 No man-age-ment in-ter-ven-tion
 []


Underfull \hbox (badness 5490) in paragraph at lines 121--122
[]|\OT1/phv/m/n/8 Restricted data (not pub-licly
 []


Underfull \hbox (badness 5490) in paragraph at lines 122--123
[]|\OT1/phv/m/n/8 Restricted data (not pub-licly
 []


Underfull \hbox (badness 3000) in paragraph at lines 123--124
[]|\OT1/phv/m/n/8 Doser JW, Stanke H, Fin-ley
 []


Underfull \hbox (badness 1215) in paragraph at lines 123--124
\OT1/phv/m/n/8 AO (2025). rFIA: Es-ti-ma-tion
 []


Underfull \hbox (badness 1406) in paragraph at lines 123--124
\OT1/phv/m/n/8 of For-est Vari-ables us-ing the
 []


Underfull \hbox (badness 3612) in paragraph at lines 123--124
\OT1/phv/m/n/8 FIA Database. R pack-age
 []


Underfull \hbox (badness 1430) in paragraph at lines 124--124
[]|\OT1/phv/m/n/8 Sustainable Tim-ber Tas-ma-nia,
 []


Underfull \hbox (badness 1122) in paragraph at lines 124--124
\OT1/phv/m/n/8 Forestry Cor-po-ra-tion of NSW,
 []


Underfull \hbox (badness 10000) in paragraph at lines 124--124
\OT1/phv/m/n/8 tralia's Ter-res-trial Ecosys-tem
 []


Underfull \hbox (badness 7203) in paragraph at lines 124--124
[]|\OT1/phv/m/n/8 No man-age-ment in-ter-ven-tion
 []


Underfull \hbox (badness 5490) in paragraph at lines 124--125
[]|\OT1/phv/m/n/8 Restricted data (not pub-licly
 []


Underfull \hbox (badness 7203) in paragraph at lines 125--125
[]|\OT1/phv/m/n/8 No man-age-ment in-ter-ven-tion
 []


Underfull \hbox (badness 7203) in paragraph at lines 126--126
[]|\OT1/phv/m/n/8 No man-age-ment in-ter-ven-tion
 []


Underfull \hbox (badness 3364) in paragraph at lines 126--126
\OT1/phv/m/n/8 ob-served dur-ing the last 70
 []


Underfull \hbox (badness 5490) in paragraph at lines 126--127
[]|\OT1/phv/m/n/8 Restricted data (not pub-licly
 []


Underfull \hbox (badness 7203) in paragraph at lines 127--127
[]|\OT1/phv/m/n/8 No man-age-ment in-ter-ven-tion
 []


Underfull \hbox (badness 5490) in paragraph at lines 128--129
[]|\OT1/phv/m/n/8 Restricted data (not pub-licly
 []


Underfull \hbox (badness 7203) in paragraph at lines 129--129
[]|\OT1/phv/m/n/8 No man-age-ment in-ter-ven-tion
 []


Underfull \hbox (badness 7203) in paragraph at lines 130--130
[]|\OT1/phv/m/n/8 No man-age-ment in-ter-ven-tion
 []


Underfull \hbox (badness 7203) in paragraph at lines 131--131
[]|\OT1/phv/m/n/8 No man-age-ment in-ter-ven-tion
 []


Underfull \hbox (badness 7203) in paragraph at lines 132--132
[]|\OT1/phv/m/n/8 No man-age-ment in-ter-ven-tion
 []


Underfull \hbox (badness 10000) in paragraph at lines 132--133
[]|\OT1/phv/m/n/8 Esquivel-Muelbert, A., Ban-
 []


Underfull \hbox (badness 10000) in paragraph at lines 132--133
\OT1/phv/m/n/8 bury Mor-gan, R., Brienen,
 []


Underfull \hbox (badness 5637) in paragraph at lines 132--133
\OT1/phv/m/n/8 R. et al. In-creas-ing tree
 []


Underfull \hbox (badness 1558) in paragraph at lines 132--133
\OT1/phv/m/n/8 size across Ama-zo-nia. Nat.
 []


Underfull \hbox (badness 10000) in paragraph at lines 132--133
\OT1/phv/m/n/8 https://doi.org/10.1038/s41477-
 []


Underfull \hbox (badness 5490) in paragraph at lines 133--134
[]|\OT1/phv/m/n/8 Restricted data (not pub-licly
 []


Underfull \hbox (badness 10000) in paragraph at lines 134--134
[]|\OT1/phv/m/n/8 Forest Re-search In-sti-tute
 []


Underfull \hbox (badness 5490) in paragraph at lines 134--135
[]|\OT1/phv/m/n/8 Restricted data (not pub-licly
 []


Underfull \hbox (badness 7203) in paragraph at lines 135--135
[]|\OT1/phv/m/n/8 No man-age-ment in-ter-ven-tion
 []


Underfull \hbox (badness 5490) in paragraph at lines 136--137
[]|\OT1/phv/m/n/8 Restricted data (not pub-licly
 []


Underfull \hbox (badness 5490) in paragraph at lines 137--138
[]|\OT1/phv/m/n/8 Restricted data (not pub-licly
 []


Underfull \hbox (badness 7203) in paragraph at lines 138--138
[]|\OT1/phv/m/n/8 No man-age-ment in-ter-ven-tion
 []


Underfull \hbox (badness 5490) in paragraph at lines 138--139
[]|\OT1/phv/m/n/8 Restricted data (not pub-licly
 []


Underfull \hbox (badness 7203) in paragraph at lines 139--139
[]|\OT1/phv/m/n/8 No man-age-ment in-ter-ven-tion
 []


Underfull \hbox (badness 5490) in paragraph at lines 139--140
[]|\OT1/phv/m/n/8 Restricted data (not pub-licly
 []


Underfull \hbox (badness 5490) in paragraph at lines 140--141
[]|\OT1/phv/m/n/8 Restricted data (not pub-licly
 []


Underfull \hbox (badness 5490) in paragraph at lines 141--142
[]|\OT1/phv/m/n/8 Restricted data (not pub-licly
 []


Overfull \hbox (104.88264pt too wide) in paragraph at lines 115--144
 [][] 
 []


LaTeX Warning: Float too large for page by 40.61137pt on input line 144.


Underfull \hbox (badness 5490) in paragraph at lines 156--157
[]|\OT1/phv/m/n/8 Restricted data (not pub-licly
 []


Underfull \hbox (badness 5490) in paragraph at lines 157--158
[]|\OT1/phv/m/n/8 Restricted data (not pub-licly
 []


Underfull \hbox (badness 10000) in paragraph at lines 158--158
[]|\OT1/phv/m/n/8 Institute of Bio-di-ver-sity and
 []


Underfull \hbox (badness 5490) in paragraph at lines 158--159
[]|\OT1/phv/m/n/8 Restricted data (not pub-licly
 []


Underfull \hbox (badness 7203) in paragraph at lines 159--159
[]|\OT1/phv/m/n/8 No man-age-ment in-ter-ven-tion
 []


Underfull \hbox (badness 5490) in paragraph at lines 159--160
[]|\OT1/phv/m/n/8 Restricted data (not pub-licly
 []


Underfull \hbox (badness 7203) in paragraph at lines 160--160
[]|\OT1/phv/m/n/8 No man-age-ment in-ter-ven-tion
 []


Underfull \hbox (badness 5490) in paragraph at lines 160--161
[]|\OT1/phv/m/n/8 Restricted data (not pub-licly
 []


Underfull \hbox (badness 7203) in paragraph at lines 161--161
[]|\OT1/phv/m/n/8 No man-age-ment in-ter-ven-tion
 []


Underfull \hbox (badness 5490) in paragraph at lines 161--162
[]|\OT1/phv/m/n/8 Restricted data (not pub-licly
 []


Underfull \hbox (badness 1968) in paragraph at lines 162--162
[]|\OT1/phv/m/n/8 Czech Uni-ver-sity of Life Sci-
 []


Underfull \hbox (badness 5490) in paragraph at lines 162--163
[]|\OT1/phv/m/n/8 Restricted data (not pub-licly
 []


Underfull \hbox (badness 5490) in paragraph at lines 163--164
[]|\OT1/phv/m/n/8 Restricted data (not pub-licly
 []


Underfull \hbox (badness 5490) in paragraph at lines 164--165
[]|\OT1/phv/m/n/8 Restricted data (not pub-licly
 []


Underfull \hbox (badness 5490) in paragraph at lines 165--166
[]|\OT1/phv/m/n/8 Restricted data (not pub-licly
 []


Overfull \hbox (87.26674pt too wide) in paragraph at lines 152--168
 [][] 
 []


Package fancyhdr Warning: \headheight is too small (12.0pt): 
(fancyhdr)                Make it at least 14.0pt, for example:
(fancyhdr)                \setlength{\headheight}{14.0pt}.
(fancyhdr)                You might also make \topmargin smaller:
(fancyhdr)                \addtolength{\topmargin}{-2.0pt}.

[2



pdfTeX warning (ext4): destination with the same identifier (name{equation.1}) has been already used, duplicate ignored
<argument> ...shipout:D \box_use:N \l_shipout_box 
                                                  \__shipout_drop_firstpage_...
l.170 \clearpage
                
pdfTeX warning (ext4): destination with the same identifier (name{equation.1}) has been already used, duplicate ignored
<argument> ...shipout:D \box_use:N \l_shipout_box 
                                                  \__shipout_drop_firstpage_...
l.170 \clearpage
                ]

Package fancyhdr Warning: \headheight is too small (12.0pt): 
(fancyhdr)                Make it at least 14.0pt, for example:
(fancyhdr)                \setlength{\headheight}{14.0pt}.
(fancyhdr)                You might also make \topmargin smaller:
(fancyhdr)                \addtolength{\topmargin}{-2.0pt}.

[3]

Package fancyhdr Warning: \headheight is too small (12.0pt): 
(fancyhdr)                Make it at least 14.0pt, for example:
(fancyhdr)                \setlength{\headheight}{14.0pt}.
(fancyhdr)                You might also make \topmargin smaller:
(fancyhdr)                \addtolength{\topmargin}{-2.0pt}.

[4]
<../figures/gg_sitepoints.pdf, id=57, 722.7pt x 361.35pt>
File: ../figures/gg_sitepoints.pdf Graphic file (type pdf)
<use ../figures/gg_sitepoints.pdf>
Package pdftex.def Info: ../figures/gg_sitepoints.pdf  used on input line 175.
(pdftex.def)             Requested size: 369.88583pt x 184.9422pt.
<../figures/distribution_length.pdf, id=58, 722.7pt x 361.35pt>
File: ../figures/distribution_length.pdf Graphic file (type pdf)
<use ../figures/distribution_length.pdf>
Package pdftex.def Info: ../figures/distribution_length.pdf  used on input line 182.
(pdftex.def)             Requested size: 332.89499pt x 166.44908pt.
<../figures/fig_hist_year.pdf, id=59, 650.43pt x 1084.05pt>
File: ../figures/fig_hist_year.pdf Graphic file (type pdf)
<use ../figures/fig_hist_year.pdf>
Package pdftex.def Info: ../figures/fig_hist_year.pdf  used on input line 189.
(pdftex.def)             Requested size: 332.89499pt x 554.84314pt.


Package fancyhdr Warning: \headheight is too small (12.0pt): 
(fancyhdr)                Make it at least 14.0pt, for example:
(fancyhdr)                \setlength{\headheight}{14.0pt}.
(fancyhdr)                You might also make \topmargin smaller:
(fancyhdr)                \addtolength{\topmargin}{-2.0pt}.

[5 <../figures/gg_sitepoints.pdf> <../figures/distribution_length.pdf>]

Package fancyhdr Warning: \headheight is too small (12.0pt): 
(fancyhdr)                Make it at least 14.0pt, for example:
(fancyhdr)                \setlength{\headheight}{14.0pt}.
(fancyhdr)                You might also make \topmargin smaller:
(fancyhdr)                \addtolength{\topmargin}{-2.0pt}.

[6 <../figures/fig_hist_year.pdf>]

Package hyperref Warning: Token not allowed in a PDF string (Unicode):
(hyperref)                \hskip 10.00002pt
(hyperref)                replaced by space on input line 195.

<../figures/stl_longplots.pdf, id=96, 650.43pt x 650.43pt>
File: ../figures/stl_longplots.pdf Graphic file (type pdf)
<use ../figures/stl_longplots.pdf>
Package pdftex.def Info: ../figures/stl_longplots.pdf  used on input line 201.
(pdftex.def)             Requested size: 369.88583pt x 369.89542pt.

Package fancyhdr Warning: \headheight is too small (12.0pt): 
(fancyhdr)                Make it at least 14.0pt, for example:
(fancyhdr)                \setlength{\headheight}{14.0pt}.
(fancyhdr)                You might also make \topmargin smaller:
(fancyhdr)                \addtolength{\topmargin}{-2.0pt}.

[7 <../figures/stl_longplots.pdf>]
<../figures/slope_distribution.pdf, id=114, 650.43pt x 650.43pt>
File: ../figures/slope_distribution.pdf Graphic file (type pdf)
<use ../figures/slope_distribution.pdf>
Package pdftex.def Info: ../figures/slope_distribution.pdf  used on input line 210.
(pdftex.def)             Requested size: 369.88583pt x 369.89542pt.


Package fancyhdr Warning: \headheight is too small (12.0pt): 
(fancyhdr)                Make it at least 14.0pt, for example:
(fancyhdr)                \setlength{\headheight}{14.0pt}.
(fancyhdr)                You might also make \topmargin smaller:
(fancyhdr)                \addtolength{\topmargin}{-2.0pt}.

[8 <../figures/slope_distribution.pdf>]
<../figures/fig1_lqmm_onlydots.pdf, id=126, 650.43pt x 361.35pt>
File: ../figures/fig1_lqmm_onlydots.pdf Graphic file (type pdf)
<use ../figures/fig1_lqmm_onlydots.pdf>
Package pdftex.def Info: ../figures/fig1_lqmm_onlydots.pdf  used on input line 219.
(pdftex.def)             Requested size: 369.88583pt x 205.49745pt.
<../figures/fig1_lqmm_int_onlystl.pdf, id=127, 794.97pt x 578.16pt>
File: ../figures/fig1_lqmm_int_onlystl.pdf Graphic file (type pdf)
<use ../figures/fig1_lqmm_int_onlystl.pdf>
Package pdftex.def Info: ../figures/fig1_lqmm_int_onlystl.pdf  used on input line 226.
(pdftex.def)             Requested size: 369.88583pt x 269.01805pt.
<../figures/hist_percent_change.pdf, id=128, 578.16pt x 289.08pt>
File: ../figures/hist_percent_change.pdf Graphic file (type pdf)
<use ../figures/hist_percent_change.pdf>
Package pdftex.def Info: ../figures/hist_percent_change.pdf  used on input line 284.
(pdftex.def)             Requested size: 369.88583pt x 184.93999pt.


Package fancyhdr Warning: \headheight is too small (12.0pt): 
(fancyhdr)                Make it at least 14.0pt, for example:
(fancyhdr)                \setlength{\headheight}{14.0pt}.
(fancyhdr)                You might also make \topmargin smaller:
(fancyhdr)                \addtolength{\topmargin}{-2.0pt}.

[9 <../figures/fig1_lqmm_onlydots.pdf>]

Package fancyhdr Warning: \headheight is too small (12.0pt): 
(fancyhdr)                Make it at least 14.0pt, for example:
(fancyhdr)                \setlength{\headheight}{14.0pt}.
(fancyhdr)                You might also make \topmargin smaller:
(fancyhdr)                \addtolength{\topmargin}{-2.0pt}.

[10 <../figures/fig1_lqmm_int_onlystl.pdf>]

Package fancyhdr Warning: \headheight is too small (12.0pt): 
(fancyhdr)                Make it at least 14.0pt, for example:
(fancyhdr)                \setlength{\headheight}{14.0pt}.
(fancyhdr)                You might also make \topmargin smaller:
(fancyhdr)                \addtolength{\topmargin}{-2.0pt}.

[11 <../figures/hist_percent_change.pdf>]

Package hyperref Warning: Token not allowed in a PDF string (Unicode):
(hyperref)                \hskip 10.00002pt
(hyperref)                replaced by space on input line 296.

(../tables/mods_env_slopefilter.tex
LaTeX Font Info:    Trying to load font information for TS1+phv on input line 52.
 (/Users/lauramarques/Library/TinyTeX/texmf-dist/tex/latex/psnfss/ts1phv.fd
File: ts1phv.fd 2020/03/25 scalable font definitions for TS1/phv.
)) (../tables/mods_env_int_slopefilter.tex

LaTeX Warning: Float too large for page by 11.63637pt on input line 65.

)

Package fancyhdr Warning: \headheight is too small (12.0pt): 
(fancyhdr)                Make it at least 14.0pt, for example:
(fancyhdr)                \setlength{\headheight}{14.0pt}.
(fancyhdr)                You might also make \topmargin smaller:
(fancyhdr)                \addtolength{\topmargin}{-2.0pt}.

[12]

Package fancyhdr Warning: \headheight is too small (12.0pt): 
(fancyhdr)                Make it at least 14.0pt, for example:
(fancyhdr)                \setlength{\headheight}{14.0pt}.
(fancyhdr)                You might also make \topmargin smaller:
(fancyhdr)                \addtolength{\topmargin}{-2.0pt}.

[13]

Package hyperref Warning: Token not allowed in a PDF string (Unicode):
(hyperref)                \hskip 10.00002pt
(hyperref)                replaced by space on input line 325.

<../figures/gg_map_sink_perforestarea_combined.pdf, id=185, 592.2125pt x 397.485pt>
File: ../figures/gg_map_sink_perforestarea_combined.pdf Graphic file (type pdf)
<use ../figures/gg_map_sink_perforestarea_combined.pdf>
Package pdftex.def Info: ../figures/gg_map_sink_perforestarea_combined.pdf  used on input line 331.
(pdftex.def)             Requested size: 369.88583pt x 248.26982pt.

Package fancyhdr Warning: \headheight is too small (12.0pt): 
(fancyhdr)                Make it at least 14.0pt, for example:
(fancyhdr)                \setlength{\headheight}{14.0pt}.
(fancyhdr)                You might also make \topmargin smaller:
(fancyhdr)                \addtolength{\topmargin}{-2.0pt}.

[14










 <../figures/gg_map_sink_perforestarea_combined.pdf>]
No file main.bbl.
(./main.aux)
 ***********
LaTeX2e <2025-11-01>
L3 programming layer <2026-01-19>
 ***********
Package rerunfilecheck Info: File `main.out' has not changed.
(rerunfilecheck)             Checksum: A6CC9680132725F9EFE101B5E3D52926;559.
 ) 
Here is how much of TeX's memory you used:
 22875 strings out of 469453
 450952 string characters out of 5466387
 903735 words of memory out of 5000000
 51244 multiletter control sequences out of 15000+600000
 655590 words of font info for 101 fonts, out of 8000000 for 9000
 36 hyphenation exceptions out of 8191
 102i,12n,107p,895b,2770s stack positions out of 10000i,1000n,20000p,200000b,200000s
 </Users/lauramarques/Library/TinyTeX/texmf-var/fonts/pk/ljfour/jknappen/ec/tcrm1000.600pk></Users/lauramarques/Library/TinyTeX/texmf-dist/fonts/type1/public/amsfonts/cm/cmbx10.pfb></Users/lauramarques/Library/TinyTeX/texmf-dist/fonts/type1/public/amsfonts/cm/cmbx12.pfb></Users/lauramarques/Library/TinyTeX/texmf-dist/fonts/type1/public/amsfonts/cm/cmex10.pfb></Users/lauramarques/Library/TinyTeX/texmf-dist/fonts/type1/public/amsfonts/cm/cmmi10.pfb></Users/lauramarques/Library/TinyTeX/texmf-dist/fonts/type1/public/amsfonts/cm/cmmi7.pfb></Users/lauramarques/Library/TinyTeX/texmf-dist/fonts/type1/public/amsfonts/cm/cmr10.pfb></Users/lauramarques/Library/TinyTeX/texmf-dist/fonts/type1/public/amsfonts/cm/cmr6.pfb></Users/lauramarques/Library/TinyTeX/texmf-dist/fonts/type1/public/amsfonts/cm/cmr7.pfb></Users/lauramarques/Library/TinyTeX/texmf-dist/fonts/type1/public/amsfonts/cm/cmsy6.pfb></Users/lauramarques/Library/TinyTeX/texmf-dist/fonts/type1/public/amsfonts/cm/cmsy7.pfb></Users/lauramarques/Library/TinyTeX/texmf-dist/fonts/type1/urw/helvetic/uhvb8a.pfb></Users/lauramarques/Library/TinyTeX/texmf-dist/fonts/type1/urw/helvetic/uhvr8a.pfb>
Output written on main.pdf (14 pages, 7548077 bytes).
PDF statistics:
 273 PDF objects out of 1000 (max. 8388607)
 203 compressed objects within 3 object streams
 36 named destinations out of 1000 (max. 500000)
 78 words of extra memory for PDF output out of 10000 (max. 10000000)

